<?xml version="1.0" encoding="UTF-8" ?>
<testsuites disabled="0" errors="0" failures="1" tests="1" time="7">
 <testsuite name="addTodoController" timestamp="2018-04-01T15:18:22" hostname="localhost" time="0.007" errors="0" tests="1" skipped="0" disabled="0" failures="1">
  <testcase classname="addTodoController" name="encountered a declaration exception" time="0.006">
   <failure type="exception" message="TypeError: module is not a function"><![CDATA[TypeError: module is not a function
    at Suite.<anonymous> (D:\Mavric\FrontCamp\FrontCamp\UnitTests\test\controllers\addTodoController.spec.js:5:16)
    at addSpecsToSuite (D:\Mavric\FrontCamp\FrontCamp\UnitTests\node_modules\jasmine-core\lib\jasmine-core\jasmine.js:1181:25)
    at Env.describe (D:\Mavric\FrontCamp\FrontCamp\UnitTests\node_modules\jasmine-core\lib\jasmine-core\jasmine.js:1145:7)
    at describe (D:\Mavric\FrontCamp\FrontCamp\UnitTests\node_modules\jasmine-core\lib\jasmine-core\jasmine.js:4593:18)
    at Object.<anonymous> (D:\Mavric\FrontCamp\FrontCamp\UnitTests\test\controllers\addTodoController.spec.js:4:1)
    at Module._compile (module.js:643:30)
    at Object.Module._extensions..js (module.js:654:10)
    at Object.Module._extensions.(anonymous function) [as .js] (D:\Mavric\FrontCamp\FrontCamp\UnitTests\node_modules\istanbul\lib\hook.js:109:37)
    at Module.load (module.js:556:32)
    at tryModuleLoad (module.js:499:12)]]>
   </failure>
  </testcase>
 </testsuite>
</testsuites>